<?xml version="1.0" encoding="UTF-8"?>
<testng-results ignored="0" total="1" passed="1" failed="0" skipped="0">
  <reporter-output>
  </reporter-output>
  <suite started-at="2020-06-25T19:04:07 BST" name="Surefire suite" finished-at="2020-06-25T19:04:07 BST" duration-ms="16">
    <groups>
    </groups>
    <test started-at="2020-06-25T19:04:07 BST" name="Surefire test" finished-at="2020-06-25T19:04:07 BST" duration-ms="16">
      <class name="nestOne.javaMaven.AppTest">
        <test-method signature="testApp()[pri:0, instance:testApp(nestOne.javaMaven.AppTest)]" started-at="2020-06-25T19:04:07 BST" name="testApp" finished-at="2020-06-25T19:04:07 BST" duration-ms="1" status="PASS">
          <reporter-output>
          </reporter-output>
        </test-method> <!-- testApp -->
      </class> <!-- nestOne.javaMaven.AppTest -->
    </test> <!-- Surefire test -->
  </suite> <!-- Surefire suite -->
</testng-results>
