<?xml version="1.0" encoding="UTF-8"?>
<!-- Generated by org.testng.reporters.JUnitXMLReporter -->
<testsuite ignored="0" hostname="Tohidurs-MacBook-Air.local" failures="0" tests="3" name="Default test" time="30.275" errors="0" timestamp="2020-09-01T17:30:31 BST">
  <testcase classname="javaMaven.secondTestRun" name="basepage" time="0.656"/>
  <testcase classname="javaMaven.secondTestRun" name="takeScreenShot" time="0.434"/>
  <testcase classname="javaMaven.secondTestRun" name="validationlogo" time="0.031"/>
</testsuite> <!-- Default test -->
