<?xml version="1.0" encoding="UTF-8"?>
<!-- Generated by org.testng.reporters.JUnitXMLReporter -->
<testsuite ignored="0" hostname="Tohidurs-MacBook-Air.local" failures="1" tests="3" name="entent reportgenerating" time="8.927" errors="0" timestamp="2020-10-10T19:17:21 BST">
  <testcase classname="extentReportNaveen.extendReportClass" name="getTitle" time="0.178"/>
  <testcase classname="extentReportNaveen.extendReportClass" name="getalert" time="1.223"/>
  <testcase classname="extentReportNaveen.extendReportClass" name="suggestion" time="0.406">
    <failure type="java.lang.AssertionError" message="expected [unitedKingdom] but found []">
      <![CDATA[java.lang.AssertionError: expected [unitedKingdom] but found []
at extentReportNaveen.extendReportClass.suggestion(extendReportClass.java:97)
at java.base/java.util.ArrayList.forEach(ArrayList.java:1540)
... Removed 32 stack frames]]>
    </failure>
  </testcase> <!-- suggestion -->
</testsuite> <!-- entent reportgenerating -->
