<?xml version="1.0" encoding="UTF-8"?>
<!-- Generated by org.testng.reporters.JUnitXMLReporter -->
<testsuite ignored="0" hostname="Tohidurs-MacBook-Air.local" failures="0" tests="4" name="Test" time="13.197" errors="0" timestamp="2020-09-01T15:19:30 BST">
  <testcase classname="javaMaven.homepage" name="@BeforeMethod driver" time="8.516">
    <failure type="org.openqa.selenium.SessionNotCreatedException" message="session not created: This version of ChromeDriver only supports Chrome version 83
Build info: version: &amp;apos;4.0.0-alpha-6&amp;apos;, revision: &amp;apos;5f43a29cfc&amp;apos;
System info: host: &amp;apos;Tohidurs-MacBook-Air.local&amp;apos;, ip: &amp;apos;fdaa:bbcc:ddee:0:988a:9c6a:e138:b203%en0&amp;apos;, os.name: &amp;apos;Mac OS X&amp;apos;, os.arch: &amp;apos;x86_64&amp;apos;, os.version: &amp;apos;10.15.6&amp;apos;, java.version: &amp;apos;12.0.2&amp;apos;
Driver info: driver.version: ChromeDriver
remote stacktrace: 0   chromedriver                        0x000000010e320e99 chromedriver + 4808345
1   chromedriver                        0x000000010e2bb5f3 chromedriver + 4392435
2   chromedriver                        0x000000010df4729d chromedriver + 770717
3   chromedriver                        0x000000010dea4689 chromedriver + 104073
4   chromedriver                        0x000000010dea0940 chromedriver + 88384
5   chromedriver                        0x000000010de9dc99 chromedriver + 76953
6   chromedriver                        0x000000010decffa3 chromedriver + 282531
7   chromedriver                        0x000000010deccda3 chromedriver + 269731
8   chromedriver                        0x000000010dea68dd chromedriver + 112861
9   chromedriver                        0x000000010dea7875 chromedriver + 116853
10  chromedriver                        0x000000010e2e347f chromedriver + 4555903
11  chromedriver                        0x000000010e2f077a chromedriver + 4609914
12  chromedriver                        0x000000010e2f0509 chromedriver + 4609289
13  chromedriver                        0x000000010e2c7319 chromedriver + 4440857
14  chromedriver                        0x000000010e2f0d03 chromedriver + 4611331
15  chromedriver                        0x000000010e2d9083 chromedriver + 4513923
16  chromedriver                        0x000000010e307454 chromedriver + 4703316
17  chromedriver                        0x000000010e326f57 chromedriver + 4833111
18  libsystem_pthread.dylib             0x00007fff726ec109 _pthread_start + 148
19  libsystem_pthread.dylib             0x00007fff726e7b8b thread_start + 15
">
      <![CDATA[org.openqa.selenium.SessionNotCreatedException: session not created: This version of ChromeDriver only supports Chrome version 83
Build info: version: '4.0.0-alpha-6', revision: '5f43a29cfc'
System info: host: 'Tohidurs-MacBook-Air.local', ip: 'fdaa:bbcc:ddee:0:988a:9c6a:e138:b203%en0', os.name: 'Mac OS X', os.arch: 'x86_64', os.version: '10.15.6', java.version: '12.0.2'
Driver info: driver.version: ChromeDriver
remote stacktrace: 0   chromedriver                        0x000000010e320e99 chromedriver + 4808345
1   chromedriver                        0x000000010e2bb5f3 chromedriver + 4392435
2   chromedriver                        0x000000010df4729d chromedriver + 770717
3   chromedriver                        0x000000010dea4689 chromedriver + 104073
4   chromedriver                        0x000000010dea0940 chromedriver + 88384
5   chromedriver                        0x000000010de9dc99 chromedriver + 76953
6   chromedriver                        0x000000010decffa3 chromedriver + 282531
7   chromedriver                        0x000000010deccda3 chromedriver + 269731
8   chromedriver                        0x000000010dea68dd chromedriver + 112861
9   chromedriver                        0x000000010dea7875 chromedriver + 116853
10  chromedriver                        0x000000010e2e347f chromedriver + 4555903
11  chromedriver                        0x000000010e2f077a chromedriver + 4609914
12  chromedriver                        0x000000010e2f0509 chromedriver + 4609289
13  chromedriver                        0x000000010e2c7319 chromedriver + 4440857
14  chromedriver                        0x000000010e2f0d03 chromedriver + 4611331
15  chromedriver                        0x000000010e2d9083 chromedriver + 4513923
16  chromedriver                        0x000000010e307454 chromedriver + 4703316
17  chromedriver                        0x000000010e326f57 chromedriver + 4833111
18  libsystem_pthread.dylib             0x00007fff726ec109 _pthread_start + 148
19  libsystem_pthread.dylib             0x00007fff726e7b8b thread_start + 15

at org.openqa.selenium.remote.W3CHandshakeResponse.lambda$errorHandler$0(W3CHandshakeResponse.java:62)
at org.openqa.selenium.remote.HandshakeResponse.lambda$getResponseFunction$0(HandshakeResponse.java:30)
at org.openqa.selenium.remote.ProtocolHandshake.lambda$createSession$1(ProtocolHandshake.java:126)
at java.base/java.util.stream.ReferencePipeline$3$1.accept(ReferencePipeline.java:195)
at java.base/java.util.Spliterators$ArraySpliterator.tryAdvance(Spliterators.java:958)
at java.base/java.util.stream.ReferencePipeline.forEachWithCancel(ReferencePipeline.java:127)
at java.base/java.util.stream.AbstractPipeline.copyIntoWithCancel(AbstractPipeline.java:502)
at java.base/java.util.stream.AbstractPipeline.copyInto(AbstractPipeline.java:488)
at java.base/java.util.stream.AbstractPipeline.wrapAndCopyInto(AbstractPipeline.java:474)
at java.base/java.util.stream.FindOps$FindOp.evaluateSequential(FindOps.java:150)
at java.base/java.util.stream.AbstractPipeline.evaluate(AbstractPipeline.java:234)
at java.base/java.util.stream.ReferencePipeline.findFirst(ReferencePipeline.java:543)
at org.openqa.selenium.remote.ProtocolHandshake.createSession(ProtocolHandshake.java:128)
at org.openqa.selenium.remote.ProtocolHandshake.createSession(ProtocolHandshake.java:75)
at org.openqa.selenium.remote.HttpCommandExecutor.execute(HttpCommandExecutor.java:138)
at org.openqa.selenium.remote.service.DriverCommandExecutor.execute(DriverCommandExecutor.java:83)
at org.openqa.selenium.remote.RemoteWebDriver.execute(RemoteWebDriver.java:582)
at org.openqa.selenium.remote.RemoteWebDriver.startSession(RemoteWebDriver.java:216)
at org.openqa.selenium.remote.RemoteWebDriver.<init>(RemoteWebDriver.java:136)
at org.openqa.selenium.chromium.ChromiumDriver.<init>(ChromiumDriver.java:75)
at org.openqa.selenium.chrome.ChromeDriver.<init>(ChromeDriver.java:163)
at org.openqa.selenium.chrome.ChromeDriver.<init>(ChromeDriver.java:150)
at org.openqa.selenium.chrome.ChromeDriver.<init>(ChromeDriver.java:105)
at resources.base.initializeDriver(base.java:33)
at javaMaven.homepage.driver(homepage.java:57)
at java.base/java.util.ArrayList.forEach(ArrayList.java:1540)
... Removed 36 stack frames]]>
    </failure>
  </testcase> <!-- @BeforeMethod driver -->
  <testcase classname="javaMaven.homepage" name="@AfterMethod teardown" time="-1.598969969976E9">
    <skipped/>
  </testcase> <!-- @AfterMethod teardown -->
  <testcase classname="javaMaven.homepage" name="@BeforeMethod driver" time="-1.598969969978E9">
    <skipped/>
  </testcase> <!-- @BeforeMethod driver -->
  <testcase classname="javaMaven.homepage" name="@AfterMethod teardown" time="-1.598969969991E9">
    <skipped/>
  </testcase> <!-- @AfterMethod teardown -->
  <testcase classname="javaMaven.homepage" name="@BeforeMethod driver" time="-1.598969969993E9">
    <skipped/>
  </testcase> <!-- @BeforeMethod driver -->
  <testcase classname="javaMaven.homepage" name="@AfterMethod teardown" time="-1.598969970005E9">
    <skipped/>
  </testcase> <!-- @AfterMethod teardown -->
  <testcase classname="javaMaven.homepage" name="@BeforeMethod driver" time="-1.598969970008E9">
    <skipped/>
  </testcase> <!-- @BeforeMethod driver -->
  <testcase classname="javaMaven.homepage" name="@AfterMethod teardown" time="-1.59896997002E9">
    <skipped/>
  </testcase> <!-- @AfterMethod teardown -->
  <testcase classname="javaMaven.homepage" name="bassepage" time="0.0">
    <skipped/>
  </testcase> <!-- bassepage -->
  <testcase classname="javaMaven.homepage" name="bassepage" time="0.0">
    <skipped/>
  </testcase> <!-- bassepage -->
  <testcase classname="javaMaven.homepage" name="bassepage" time="0.0">
    <skipped/>
  </testcase> <!-- bassepage -->
  <testcase classname="javaMaven.homepage" name="bassepage" time="0.0">
    <skipped/>
  </testcase> <!-- bassepage -->
</testsuite> <!-- Test -->
