<?xml version="1.0" encoding="UTF-8"?>
<!-- Generated by org.testng.reporters.JUnitXMLReporter -->
<testsuite ignored="0" hostname="Tohidurs-Air" failures="0" tests="6" name="Surefire test" time="0.072" errors="0" timestamp="2020-06-25T19:04:07 BST">
  <testcase classname="nestOne.javaMaven.AppiumTest" name="IOSApps" time="0.006"/>
  <testcase classname="nestOne.javaMaven.AppiumTest" name="NativeAppAndroid" time="0.001"/>
  <testcase classname="nestOne.javaMaven.SeleniumTest" name="browserAutomation" time="0.001"/>
  <testcase classname="nestOne.javaMaven.SeleniumTest" name="elementUi" time="0.0"/>
  <testcase classname="nestOne.javaMaven.RestApiTest" name="deleteTwitter" time="0.001"/>
  <testcase classname="nestOne.javaMaven.RestApiTest" name="postJira" time="0.0"/>
</testsuite> <!-- Surefire test -->
