<?xml version="1.0" encoding="UTF-8"?>
<testng-results ignored="0" total="6" passed="6" failed="0" skipped="0">
  <reporter-output>
  </reporter-output>
  <suite started-at="2020-06-25T19:04:07 BST" name="Surefire suite" finished-at="2020-06-25T19:04:07 BST" duration-ms="72">
    <groups>
    </groups>
    <test started-at="2020-06-25T19:04:07 BST" name="Surefire test" finished-at="2020-06-25T19:04:07 BST" duration-ms="72">
      <class name="nestOne.javaMaven.RestApiTest">
        <test-method signature="deleteTwitter()[pri:0, instance:nestOne.javaMaven.RestApiTest@146044d7]" started-at="2020-06-25T19:04:07 BST" name="deleteTwitter" finished-at="2020-06-25T19:04:07 BST" duration-ms="1" status="PASS">
          <reporter-output>
          </reporter-output>
        </test-method> <!-- deleteTwitter -->
        <test-method signature="postJira()[pri:0, instance:nestOne.javaMaven.RestApiTest@146044d7]" started-at="2020-06-25T19:04:07 BST" name="postJira" finished-at="2020-06-25T19:04:07 BST" duration-ms="0" status="PASS">
          <reporter-output>
          </reporter-output>
        </test-method> <!-- postJira -->
      </class> <!-- nestOne.javaMaven.RestApiTest -->
      <class name="nestOne.javaMaven.SeleniumTest">
        <test-method signature="browserAutomation()[pri:0, instance:nestOne.javaMaven.SeleniumTest@59717824]" started-at="2020-06-25T19:04:07 BST" name="browserAutomation" finished-at="2020-06-25T19:04:07 BST" duration-ms="1" status="PASS">
          <reporter-output>
          </reporter-output>
        </test-method> <!-- browserAutomation -->
        <test-method signature="elementUi()[pri:0, instance:nestOne.javaMaven.SeleniumTest@59717824]" started-at="2020-06-25T19:04:07 BST" name="elementUi" finished-at="2020-06-25T19:04:07 BST" duration-ms="0" status="PASS">
          <reporter-output>
          </reporter-output>
        </test-method> <!-- elementUi -->
      </class> <!-- nestOne.javaMaven.SeleniumTest -->
      <class name="nestOne.javaMaven.AppiumTest">
        <test-method signature="IOSApps()[pri:0, instance:nestOne.javaMaven.AppiumTest@28c4711c]" started-at="2020-06-25T19:04:07 BST" name="IOSApps" finished-at="2020-06-25T19:04:07 BST" duration-ms="6" status="PASS">
          <reporter-output>
          </reporter-output>
        </test-method> <!-- IOSApps -->
        <test-method signature="NativeAppAndroid()[pri:0, instance:nestOne.javaMaven.AppiumTest@28c4711c]" started-at="2020-06-25T19:04:07 BST" name="NativeAppAndroid" finished-at="2020-06-25T19:04:07 BST" duration-ms="1" status="PASS">
          <reporter-output>
          </reporter-output>
        </test-method> <!-- NativeAppAndroid -->
      </class> <!-- nestOne.javaMaven.AppiumTest -->
    </test> <!-- Surefire test -->
  </suite> <!-- Surefire suite -->
</testng-results>
