<?xml version="1.0" encoding="UTF-8"?>
<!-- Generated by org.testng.reporters.JUnitXMLReporter -->
<testsuite ignored="0" hostname="Tohidurs-MacBook-Air.local" failures="0" tests="4" name="Test" time="31.415" errors="0" timestamp="2020-08-06T16:30:30 BST">
  <testcase classname="nestOne.javaMaven.validateTitle" name="basepagenavigation" time="0.932"/>
  <testcase classname="nestOne.javaMaven.homepageqa" name="basepagenavigation" time="7.617"/>
  <testcase classname="nestOne.javaMaven.homepageqa" name="basepagenavigation" time="4.024"/>
  <testcase classname="nestOne.javaMaven.validateNavigationBar" name="basepagenavigation" time="1.14"/>
</testsuite> <!-- Test -->
