<?xml version="1.0" encoding="UTF-8"?>
<testsuite xmlns:xsi="http://www.w3.org/2001/XMLSchema-instance" xsi:noNamespaceSchemaLocation="https://maven.apache.org/surefire/maven-surefire-plugin/xsd/surefire-test-report-3.0.xsd" version="3.0" name="TestSuite" time="10.814" tests="5" errors="0" skipped="1" failures="2">
  <properties>
[...]
</properties>
  <testcase name="getTitle" classname="extentReportNaveen.extendReportClass" time="0.13">
    <system-out><![CDATA[i am starting a method
title name is : Practice Page
]]></system-out>
    <system-err><![CDATA[SLF4J: Failed to load class "org.slf4j.impl.StaticLoggerBinder".
SLF4J: Defaulting to no-operation (NOP) logger implementation
SLF4J: See http://www.slf4j.org/codes.html#StaticLoggerBinder for further details.
ERROR StatusLogger No log4j2 configuration file found. Using default configuration: logging only errors to the console.
log4j:WARN No appenders could be found for logger (io.netty.util.internal.logging.InternalLoggerFactory).
log4j:WARN Please initialize the log4j system properly.
log4j:WARN See http://logging.apache.org/log4j/1.2/faq.html#noconfig for more info.
Starting ChromeDriver 85.0.4183.83 (94abc2237ae0c9a4cb5f035431c8adfb94324633-refs/branch-heads/4183@{#1658}) on port 10950
Only local connections are allowed.
Please see https://chromedriver.chromium.org/security-considerations for suggestions on keeping ChromeDriver safe.
ChromeDriver was started successfully.
Oct 10, 2020 10:22:25 PM org.openqa.selenium.remote.ProtocolHandshake createSession
INFO: Detected dialect: W3C
]]></system-err>
  </testcase>
  <testcase name="getalert" classname="extentReportNaveen.extendReportClass" time="0.841">
    <system-out><![CDATA[i am starting a method
alert message is : Hello hello, share this practice page and share your knowledge
]]></system-out>
  </testcase>
  <testcase name="suggestion" classname="extentReportNaveen.extendReportClass" time="0.381">
    <failure message="expected [unitedKingdom] but found []" type="java.lang.AssertionError"><![CDATA[java.lang.AssertionError: expected [unitedKingdom] but found []
	at extentReportNaveen.extendReportClass.suggestion(extendReportClass.java:102)
]]></failure>
    <system-out><![CDATA[i am starting a method
the text is : 
]]></system-out>
  </testcase>
  <testcase name="tearDown" classname="extentReportNaveen.extendReportClass" time="0.382">
    <failure message="&#10;Can inject only one of &lt;ITestContext, XmlTest&gt; into a @AfterClass annotated tearDown.&#10;For more information on native dependency injection please refer to https://testng.org/doc/documentation-main.html#native-dependency-injection" type="org.testng.TestNGException"><![CDATA[org.testng.TestNGException: 

Can inject only one of <ITestContext, XmlTest> into a @AfterClass annotated tearDown.
For more information on native dependency injection please refer to https://testng.org/doc/documentation-main.html#native-dependency-injection
]]></failure>
  </testcase>
  <testcase name="addReport" classname="extentReportNaveen.extendReportClass" time="0">
    <skipped/>
  </testcase>
</testsuite>