<?xml version="1.0" encoding="UTF-8"?>
<testsuite xmlns:xsi="http://www.w3.org/2001/XMLSchema-instance" xsi:noNamespaceSchemaLocation="https://maven.apache.org/surefire/maven-surefire-plugin/xsd/surefire-test-report-3.0.xsd" version="3.0" name="TestSuite" time="32.225" tests="4" errors="0" skipped="0" failures="0">
  <properties>
[...]
</properties>
  <testcase name="basepagenavigation" classname="nestOne.javaMaven.validateTitle" time="0.928">
    <system-out><![CDATA[FEATURED COURSES
]]></system-out>
    <system-err><![CDATA[SLF4J: Failed to load class "org.slf4j.impl.StaticLoggerBinder".
SLF4J: Defaulting to no-operation (NOP) logger implementation
SLF4J: See http://www.slf4j.org/codes.html#StaticLoggerBinder for further details.
ERROR StatusLogger No log4j2 configuration file found. Using default configuration: logging only errors to the console.
Starting ChromeDriver 83.0.4103.39 (ccbf011cb2d2b19b506d844400483861342c20cd-refs/branch-heads/4103@{#416}) on port 6176
Only local connections are allowed.
Please see https://chromedriver.chromium.org/security-considerations for suggestions on keeping ChromeDriver safe.
ChromeDriver was started successfully.
[1596727803.800][WARNING]: This version of ChromeDriver has not been tested with Chrome version 84.
Aug 06, 2020 4:30:04 PM org.openqa.selenium.remote.ProtocolHandshake createSession
INFO: Detected dialect: W3C
Starting ChromeDriver 83.0.4103.39 (ccbf011cb2d2b19b506d844400483861342c20cd-refs/branch-heads/4103@{#416}) on port 28385
Only local connections are allowed.
Please see https://chromedriver.chromium.org/security-considerations for suggestions on keeping ChromeDriver safe.
ChromeDriver was started successfully.
[1596727806.062][WARNING]: This version of ChromeDriver has not been tested with Chrome version 84.
Aug 06, 2020 4:30:06 PM org.openqa.selenium.remote.ProtocolHandshake createSession
INFO: Detected dialect: W3C
Starting ChromeDriver 83.0.4103.39 (ccbf011cb2d2b19b506d844400483861342c20cd-refs/branch-heads/4103@{#416}) on port 45122
Only local connections are allowed.
Please see https://chromedriver.chromium.org/security-considerations for suggestions on keeping ChromeDriver safe.
ChromeDriver was started successfully.
[1596727812.806][WARNING]: This version of ChromeDriver has not been tested with Chrome version 84.
Aug 06, 2020 4:30:12 PM org.openqa.selenium.remote.ProtocolHandshake createSession
INFO: Detected dialect: W3C
]]></system-err>
  </testcase>
  <testcase name="basepagenavigation[sourovbm21@gmail.com, Sourovbm21, restricted](1)" classname="nestOne.javaMaven.homepageqa" time="7.618">
    <system-out><![CDATA[restricted
]]></system-out>
  </testcase>
  <testcase name="basepagenavigation[sorrr@gmali, 1233, nonrestricted](2)" classname="nestOne.javaMaven.homepageqa" time="4.025">
    <system-out><![CDATA[nonrestricted
]]></system-out>
  </testcase>
  <testcase name="basepagenavigation" classname="nestOne.javaMaven.validateNavigationBar" time="1.139">
    <system-out><![CDATA[height is : 85
width is : 81
]]></system-out>
  </testcase>
</testsuite>